example/demo/platforms/android/app/build/outputs/logs/manifest-merger-debug-report.txt
-- Merging decision tree log ---
manifest
ADDED from src\main\AndroidManifest.xml:2:1-18:12
INJECTED from src\main\AndroidManifest.xml:2:1-18:12
INJECTED from src\main\AndroidManifest.xml:2:1-18:12
INJECTED from src\main\AndroidManifest.xml:2:1-18:12
MERGED from [com.estimote:mustard:0.2.1] AndroidManifest.xml:2:1-20:12
MERGED from [com.android.support:design:27.0.2] AndroidManifest.xml:17:1-22:12
MERGED from [com.android.support:appcompat-v7:27.0.2] AndroidManifest.xml:17:1-22:12
MERGED from [com.android.support.constraint:constraint-layout:1.0.2] AndroidManifest.xml:2:1-11:12
MERGED from [com.estimote:proximity-sdk:0.5.0] AndroidManifest.xml:2:1-22:12
MERGED from [:CordovaLib] AndroidManifest.xml:20:1-27:12
MERGED from [com.android.support:support-v4:27.0.2] AndroidManifest.xml:17:1-22:12
MERGED from [com.android.support:support-fragment:27.0.2] AndroidManifest.xml:17:1-22:12
MERGED from [com.android.support:animated-vector-drawable:27.0.2] AndroidManifest.xml:17:1-22:12
MERGED from [com.android.support:support-vector-drawable:27.0.2] AndroidManifest.xml:17:1-22:12
MERGED from [com.android.support:recyclerview-v7:27.0.2] AndroidManifest.xml:17:1-22:12
MERGED from [com.android.support:transition:27.0.2] AndroidManifest.xml:17:1-22:12
MERGED from [com.android.support:support-core-ui:27.0.2] AndroidManifest.xml:17:1-22:12
MERGED from [com.android.support:support-media-compat:27.0.2] AndroidManifest.xml:17:1-22:12
MERGED from [android.arch.persistence.room:rxjava2:1.0.0] AndroidManifest.xml:17:1-24:12
MERGED from [android.arch.persistence.room:runtime:1.0.0] AndroidManifest.xml:17:1-24:12
MERGED from [com.android.support:support-core-utils:27.0.2] AndroidManifest.xml:17:1-22:12
MERGED from [com.android.support:support-compat:27.0.2] AndroidManifest.xml:17:1-22:12
MERGED from [android.arch.persistence:db-framework:1.0.0] AndroidManifest.xml:17:1-24:12
MERGED from [android.arch.persistence:db:1.0.0] AndroidManifest.xml:17:1-24:12
MERGED from [android.arch.core:runtime:1.0.0] AndroidManifest.xml:17:1-24:12
MERGED from [android.arch.lifecycle:runtime:1.0.3] AndroidManifest.xml:17:1-24:12
MERGED from [com.estimote:scanning-plugin:0.18.0] AndroidManifest.xml:2:1-25:12
MERGED from [com.estimote:analytics-plugin:0.3.1] AndroidManifest.xml:2:1-14:12
MERGED from [com.estimote:cloud-plugin:0.11.0] AndroidManifest.xml:2:1-18:12
MERGED from [com.estimote:repository-plugin:0.1.0] AndroidManifest.xml:2:1-11:12
MERGED from [com.estimote:internal-plugins-api:0.21.0] AndroidManifest.xml:2:1-14:12
MERGED from [com.estimote:ketchup:0.4.0] AndroidManifest.xml:2:1-11:12
MERGED from [io.reactivex.rxjava2:rxandroid:2.0.1] AndroidManifest.xml:15:1-21:12
MERGED from [com.wojtek.wawerek:android-skald:0.1.1] AndroidManifest.xml:2:1-11:12
INJECTED from src\main\AndroidManifest.xml:2:1-18:12
INJECTED from src\main\AndroidManifest.xml:2:1-18:12
INJECTED from src\main\AndroidManifest.xml:2:1-18:12
	package
		ADDED from src\main\AndroidManifest.xml:2:102-148
		INJECTED from src\main\AndroidManifest.xml
		INJECTED from src\main\AndroidManifest.xml
	android:versionName
		ADDED from src\main\AndroidManifest.xml:2:74-101
		INJECTED from src\main\AndroidManifest.xml
		INJECTED from src\main\AndroidManifest.xml
	android:hardwareAccelerated
		ADDED from src\main\AndroidManifest.xml:2:11-45
	xmlns:android
		ADDED from src\main\AndroidManifest.xml:2:149-207
	android:versionCode
		ADDED from src\main\AndroidManifest.xml:2:46-73
		INJECTED from src\main\AndroidManifest.xml
		INJECTED from src\main\AndroidManifest.xml
supports-screens
ADDED from src\main\AndroidManifest.xml:3:5-191
	android:largeScreens
		ADDED from src\main\AndroidManifest.xml:3:49-76
	android:smallScreens
		ADDED from src\main\AndroidManifest.xml:3:132-159
	android:normalScreens
		ADDED from src\main\AndroidManifest.xml:3:77-105
	android:xlargeScreens
		ADDED from src\main\AndroidManifest.xml:3:160-188
	android:resizeable
		ADDED from src\main\AndroidManifest.xml:3:106-131
	android:anyDensity
		ADDED from src\main\AndroidManifest.xml:3:23-48
uses-permission#android.permission.INTERNET
ADDED from src\main\AndroidManifest.xml:4:5-67
MERGED from [com.estimote:cloud-plugin:0.11.0] AndroidManifest.xml:12:5-67
MERGED from [com.estimote:cloud-plugin:0.11.0] AndroidManifest.xml:12:5-67
	android:name
		ADDED from src\main\AndroidManifest.xml:4:22-64
application
ADDED from src\main\AndroidManifest.xml:5:5-12:19
MERGED from [com.estimote:mustard:0.2.1] AndroidManifest.xml:11:5-18:19
MERGED from [com.estimote:mustard:0.2.1] AndroidManifest.xml:11:5-18:19
MERGED from [com.android.support.constraint:constraint-layout:1.0.2] AndroidManifest.xml:9:5-20
MERGED from [com.android.support.constraint:constraint-layout:1.0.2] AndroidManifest.xml:9:5-20
MERGED from [com.estimote:proximity-sdk:0.5.0] AndroidManifest.xml:14:5-20:19
MERGED from [com.estimote:proximity-sdk:0.5.0] AndroidManifest.xml:14:5-20:19
MERGED from [com.estimote:scanning-plugin:0.18.0] AndroidManifest.xml:18:5-23:19
MERGED from [com.estimote:scanning-plugin:0.18.0] AndroidManifest.xml:18:5-23:19
MERGED from [com.estimote:analytics-plugin:0.3.1] AndroidManifest.xml:11:5-12:19
MERGED from [com.estimote:analytics-plugin:0.3.1] AndroidManifest.xml:11:5-12:19
MERGED from [com.estimote:cloud-plugin:0.11.0] AndroidManifest.xml:15:5-16:19
MERGED from [com.estimote:cloud-plugin:0.11.0] AndroidManifest.xml:15:5-16:19
MERGED from [com.estimote:internal-plugins-api:0.21.0] AndroidManifest.xml:11:5-12:19
MERGED from [com.estimote:internal-plugins-api:0.21.0] AndroidManifest.xml:11:5-12:19
	android:supportsRtl
		ADDED from src\main\AndroidManifest.xml:5:114-140
	android:label
		ADDED from src\main\AndroidManifest.xml:5:81-113
	android:hardwareAccelerated
		ADDED from src\main\AndroidManifest.xml:5:18-52
	android:icon
		ADDED from src\main\AndroidManifest.xml:5:53-80
activity#com.zackhable.estimote.proximitydemo.MainActivity
ADDED from src\main\AndroidManifest.xml:6:9-11:20
	android:label
		ADDED from src\main\AndroidManifest.xml:6:97-134
	android:launchMode
		ADDED from src\main\AndroidManifest.xml:6:135-165
	android:windowSoftInputMode
		ADDED from src\main\AndroidManifest.xml:6:257-299
	android:configChanges
		ADDED from src\main\AndroidManifest.xml:6:19-96
	android:theme
		ADDED from src\main\AndroidManifest.xml:6:194-256
	android:name
		ADDED from src\main\AndroidManifest.xml:6:166-193
intent-filter#android.intent.action.MAIN+android.intent.category.LAUNCHER
ADDED from src\main\AndroidManifest.xml:7:13-10:29
	android:label
		ADDED from src\main\AndroidManifest.xml:7:28-65
action#android.intent.action.MAIN
ADDED from src\main\AndroidManifest.xml:8:17-69
	android:name
		ADDED from src\main\AndroidManifest.xml:8:25-66
category#android.intent.category.LAUNCHER
ADDED from src\main\AndroidManifest.xml:9:17-77
	android:name
		ADDED from src\main\AndroidManifest.xml:9:27-74
uses-sdk
ADDED from src\main\AndroidManifest.xml:13:5-74
INJECTED from src\main\AndroidManifest.xml:13:5-74
INJECTED from src\main\AndroidManifest.xml:13:5-74
MERGED from [com.estimote:mustard:0.2.1] AndroidManifest.xml:7:5-9:41
MERGED from [com.estimote:mustard:0.2.1] AndroidManifest.xml:7:5-9:41
MERGED from [com.android.support:design:27.0.2] AndroidManifest.xml:20:5-44
MERGED from [com.android.support:design:27.0.2] AndroidManifest.xml:20:5-44
MERGED from [com.android.support:appcompat-v7:27.0.2] AndroidManifest.xml:20:5-44
MERGED from [com.android.support:appcompat-v7:27.0.2] AndroidManifest.xml:20:5-44
MERGED from [com.android.support.constraint:constraint-layout:1.0.2] AndroidManifest.xml:5:5-7:41
MERGED from [com.android.support.constraint:constraint-layout:1.0.2] AndroidManifest.xml:5:5-7:41
MERGED from [com.estimote:proximity-sdk:0.5.0] AndroidManifest.xml:7:5-9:41
MERGED from [com.estimote:proximity-sdk:0.5.0] AndroidManifest.xml:7:5-9:41
MERGED from [:CordovaLib] AndroidManifest.xml:25:5-44
MERGED from [:CordovaLib] AndroidManifest.xml:25:5-44
MERGED from [com.android.support:support-v4:27.0.2] AndroidManifest.xml:20:5-44
MERGED from [com.android.support:support-v4:27.0.2] AndroidManifest.xml:20:5-44
MERGED from [com.android.support:support-fragment:27.0.2] AndroidManifest.xml:20:5-44
MERGED from [com.android.support:support-fragment:27.0.2] AndroidManifest.xml:20:5-44
MERGED from [com.android.support:animated-vector-drawable:27.0.2] AndroidManifest.xml:20:5-44
MERGED from [com.android.support:animated-vector-drawable:27.0.2] AndroidManifest.xml:20:5-44
MERGED from [com.android.support:support-vector-drawable:27.0.2] AndroidManifest.xml:20:5-44
MERGED from [com.android.support:support-vector-drawable:27.0.2] AndroidManifest.xml:20:5-44
MERGED from [com.android.support:recyclerview-v7:27.0.2] AndroidManifest.xml:20:5-44
MERGED from [com.android.support:recyclerview-v7:27.0.2] AndroidManifest.xml:20:5-44
MERGED from [com.android.support:transition:27.0.2] AndroidManifest.xml:20:5-44
MERGED from [com.android.support:transition:27.0.2] AndroidManifest.xml:20:5-44
MERGED from [com.android.support:support-core-ui:27.0.2] AndroidManifest.xml:20:5-44
MERGED from [com.android.support:support-core-ui:27.0.2] AndroidManifest.xml:20:5-44
MERGED from [com.android.support:support-media-compat:27.0.2] AndroidManifest.xml:20:5-44
MERGED from [com.android.support:support-media-compat:27.0.2] AndroidManifest.xml:20:5-44
MERGED from [android.arch.persistence.room:rxjava2:1.0.0] AndroidManifest.xml:20:5-22:41
MERGED from [android.arch.persistence.room:rxjava2:1.0.0] AndroidManifest.xml:20:5-22:41
MERGED from [android.arch.persistence.room:runtime:1.0.0] AndroidManifest.xml:20:5-22:41
MERGED from [android.arch.persistence.room:runtime:1.0.0] AndroidManifest.xml:20:5-22:41
MERGED from [com.android.support:support-core-utils:27.0.2] AndroidManifest.xml:20:5-44
MERGED from [com.android.support:support-core-utils:27.0.2] AndroidManifest.xml:20:5-44
MERGED from [com.android.support:support-compat:27.0.2] AndroidManifest.xml:20:5-44
MERGED from [com.android.support:support-compat:27.0.2] AndroidManifest.xml:20:5-44
MERGED from [android.arch.persistence:db-framework:1.0.0] AndroidManifest.xml:20:5-22:41
MERGED from [android.arch.persistence:db-framework:1.0.0] AndroidManifest.xml:20:5-22:41
MERGED from [android.arch.persistence:db:1.0.0] AndroidManifest.xml:20:5-22:41
MERGED from [android.arch.persistence:db:1.0.0] AndroidManifest.xml:20:5-22:41
MERGED from [android.arch.core:runtime:1.0.0] AndroidManifest.xml:20:5-22:41
MERGED from [android.arch.core:runtime:1.0.0] AndroidManifest.xml:20:5-22:41
MERGED from [android.arch.lifecycle:runtime:1.0.3] AndroidManifest.xml:20:5-22:41
MERGED from [android.arch.lifecycle:runtime:1.0.3] AndroidManifest.xml:20:5-22:41
MERGED from [com.estimote:scanning-plugin:0.18.0] AndroidManifest.xml:7:5-9:41
MERGED from [com.estimote:scanning-plugin:0.18.0] AndroidManifest.xml:7:5-9:41
MERGED from [com.estimote:analytics-plugin:0.3.1] AndroidManifest.xml:7:5-9:41
MERGED from [com.estimote:analytics-plugin:0.3.1] AndroidManifest.xml:7:5-9:41
MERGED from [com.estimote:cloud-plugin:0.11.0] AndroidManifest.xml:7:5-9:41
MERGED from [com.estimote:cloud-plugin:0.11.0] AndroidManifest.xml:7:5-9:41
MERGED from [com.estimote:repository-plugin:0.1.0] AndroidManifest.xml:7:5-9:41
MERGED from [com.estimote:repository-plugin:0.1.0] AndroidManifest.xml:7:5-9:41
MERGED from [com.estimote:internal-plugins-api:0.21.0] AndroidManifest.xml:7:5-9:41
MERGED from [com.estimote:internal-plugins-api:0.21.0] AndroidManifest.xml:7:5-9:41
MERGED from [com.estimote:ketchup:0.4.0] AndroidManifest.xml:7:5-9:41
MERGED from [com.estimote:ketchup:0.4.0] AndroidManifest.xml:7:5-9:41
MERGED from [io.reactivex.rxjava2:rxandroid:2.0.1] AndroidManifest.xml:19:5-43
MERGED from [io.reactivex.rxjava2:rxandroid:2.0.1] AndroidManifest.xml:19:5-43
MERGED from [com.wojtek.wawerek:android-skald:0.1.1] AndroidManifest.xml:7:5-9:41
MERGED from [com.wojtek.wawerek:android-skald:0.1.1] AndroidManifest.xml:7:5-9:41
INJECTED from src\main\AndroidManifest.xml:13:5-74
INJECTED from src\main\AndroidManifest.xml:13:5-74
	android:targetSdkVersion
		ADDED from src\main\AndroidManifest.xml:13:42-71
		INJECTED from src\main\AndroidManifest.xml
		INJECTED from src\main\AndroidManifest.xml
	android:minSdkVersion
		ADDED from src\main\AndroidManifest.xml:13:15-41
		INJECTED from src\main\AndroidManifest.xml
		INJECTED from src\main\AndroidManifest.xml
uses-permission#android.permission.BLUETOOTH
ADDED from src\main\AndroidManifest.xml:14:5-68
MERGED from [com.estimote:proximity-sdk:0.5.0] AndroidManifest.xml:11:5-68
MERGED from [com.estimote:proximity-sdk:0.5.0] AndroidManifest.xml:11:5-68
MERGED from [com.estimote:scanning-plugin:0.18.0] AndroidManifest.xml:12:5-68
MERGED from [com.estimote:scanning-plugin:0.18.0] AndroidManifest.xml:12:5-68
	android:name
		ADDED from src\main\AndroidManifest.xml:14:22-65
uses-permission#android.permission.BLUETOOTH_ADMIN
ADDED from src\main\AndroidManifest.xml:15:5-74
MERGED from [com.estimote:proximity-sdk:0.5.0] AndroidManifest.xml:12:5-74
MERGED from [com.estimote:proximity-sdk:0.5.0] AndroidManifest.xml:12:5-74
MERGED from [com.estimote:scanning-plugin:0.18.0] AndroidManifest.xml:13:5-74
MERGED from [com.estimote:scanning-plugin:0.18.0] AndroidManifest.xml:13:5-74
	android:name
		ADDED from src\main\AndroidManifest.xml:15:22-71
uses-permission#android.permission.ACCESS_COARSE_LOCATION
ADDED from src\main\AndroidManifest.xml:16:5-81
	android:name
		ADDED from src\main\AndroidManifest.xml:16:22-78
uses-permission#android.permission.ACCESS_FINE_LOCATION
ADDED from src\main\AndroidManifest.xml:17:5-79
	android:name
		ADDED from src\main\AndroidManifest.xml:17:22-76
activity#com.estimote.mustard.rx_goodness.rx_activity_result.RxResultActivity
ADDED from [com.estimote:mustard:0.2.1] AndroidManifest.xml:12:9-14:56
	android:theme
		ADDED from [com.estimote:mustard:0.2.1] AndroidManifest.xml:14:13-53
	android:name
		ADDED from [com.estimote:mustard:0.2.1] AndroidManifest.xml:13:13-96
activity#com.estimote.mustard.rx_goodness.rx_requirements_wizard.RequestPermissionActivity
ADDED from [com.estimote:mustard:0.2.1] AndroidManifest.xml:15:9-17:56
	android:theme
		ADDED from [com.estimote:mustard:0.2.1] AndroidManifest.xml:17:13-53
	android:name
		ADDED from [com.estimote:mustard:0.2.1] AndroidManifest.xml:16:13-109
receiver#com.estimote.proximity_sdk.trigger.TriggerBroadcastReceiver
ADDED from [com.estimote:proximity-sdk:0.5.0] AndroidManifest.xml:15:9-19:20
	android:name
		ADDED from [com.estimote:proximity-sdk:0.5.0] AndroidManifest.xml:15:19-93
intent-filter#com.estimote.proximity_trigger
ADDED from [com.estimote:proximity-sdk:0.5.0] AndroidManifest.xml:16:13-18:29
action#com.estimote.proximity_trigger
ADDED from [com.estimote:proximity-sdk:0.5.0] AndroidManifest.xml:17:17-73
	android:name
		ADDED from [com.estimote:proximity-sdk:0.5.0] AndroidManifest.xml:17:25-70
uses-permission-sdk-23#android.permission.ACCESS_COARSE_LOCATION
ADDED from [com.estimote:scanning-plugin:0.18.0] AndroidManifest.xml:16:5-88
	android:name
		ADDED from [com.estimote:scanning-plugin:0.18.0] AndroidManifest.xml:16:29-85
service#com.estimote.scanning_plugin.packet_provider.service.PacketProviderWrapperService
ADDED from [com.estimote:scanning-plugin:0.18.0] AndroidManifest.xml:19:9-22:40
	android:enabled
		ADDED from [com.estimote:scanning-plugin:0.18.0] AndroidManifest.xml:21:13-35
	android:exported
		ADDED from [com.estimote:scanning-plugin:0.18.0] AndroidManifest.xml:22:13-37
	android:name
		ADDED from [com.estimote:scanning-plugin:0.18.0] AndroidManifest.xml:20:13-109
uses-permission#android.permission.ACCESS_NETWORK_STATE
ADDED from [com.estimote:cloud-plugin:0.11.0] AndroidManifest.xml:13:5-79
	android:name
		ADDED from [com.estimote:cloud-plugin:0.11.0] AndroidManifest.xml:13:22-76